make: Entering directory '/home/myko/CUDA-MPI-GPU-Cluster-Programming/final_project/v4_mpi_cuda'
EFFECTIVE_GPU_ARCH_FLAGS is [-gencode arch=compute_50,code=sm_50 -gencode arch=compute_50,code=compute_50 ]
HOST_CUDA_ARCH_FLAGS is [-gencode arch=compute_50,code=sm_50 -gencode arch=compute_50,code=compute_50 ]
rm -f template src/main_mpi_cuda.o src/alexnet_mpi_cuda.o src/layers_mpi_cuda.o
make: Leaving directory '/home/myko/CUDA-MPI-GPU-Cluster-Programming/final_project/v4_mpi_cuda'
make: Entering directory '/home/myko/CUDA-MPI-GPU-Cluster-Programming/final_project/v4_mpi_cuda'
EFFECTIVE_GPU_ARCH_FLAGS is [-gencode arch=compute_50,code=sm_50 -gencode arch=compute_50,code=compute_50 ]
HOST_CUDA_ARCH_FLAGS is [-gencode arch=compute_50,code=sm_50 -gencode arch=compute_50,code=compute_50 ]
Compiling .cpp file: src/main_mpi_cuda.cpp
Command: nvcc -std=c++17 -O3 -ccbin=mpicxx -Xcompiler=-Wall -Wextra -fno-diagnostics-show-caret -fno-diagnostics-show-option -fmessage-length=0 -I/nix/store/6i25kp9c814s33pbl61dpyw8hpw7rqz8-openmpi-5.0.6-dev/include -gencode arch=compute_50,code=sm_50 -gencode arch=compute_50,code=compute_50  -cudart=shared --cudadevrt=none -Xcudafe --diag_suppress=186 -I./include -c  src/main_mpi_cuda.cpp -o src/main_mpi_cuda.o
Compiling .cu file: src/alexnet_mpi_cuda.cu
Command: nvcc -std=c++17 -O3 -ccbin=mpicxx -Xcompiler=-Wall -Wextra -fno-diagnostics-show-caret -fno-diagnostics-show-option -fmessage-length=0 -I/nix/store/6i25kp9c814s33pbl61dpyw8hpw7rqz8-openmpi-5.0.6-dev/include -gencode arch=compute_50,code=sm_50 -gencode arch=compute_50,code=compute_50  -cudart=shared --cudadevrt=none -Xcudafe --diag_suppress=186 -I./include -dc src/alexnet_mpi_cuda.cu -o src/alexnet_mpi_cuda.o
src/alexnet_mpi_cuda.cu: In function ‘void alexnetForwardPassMPI_CUDA(const std::vector<float>&, int, int, int, int, const LayerParams&, const LayerParams&, std::vector<float>&, int, int)’:
src/alexnet_mpi_cuda.cu:102:157: warning: comparison of unsigned expression in ‘>= 0’ is always true
src/alexnet_mpi_cuda.cu:103:105: warning: comparison of unsigned expression in ‘>= 0’ is always true
Compiling .cu file: src/layers_mpi_cuda.cu
Command: nvcc -std=c++17 -O3 -ccbin=mpicxx -Xcompiler=-Wall -Wextra -fno-diagnostics-show-caret -fno-diagnostics-show-option -fmessage-length=0 -I/nix/store/6i25kp9c814s33pbl61dpyw8hpw7rqz8-openmpi-5.0.6-dev/include -gencode arch=compute_50,code=sm_50 -gencode arch=compute_50,code=compute_50  -cudart=shared --cudadevrt=none -Xcudafe --diag_suppress=186 -I./include -dc src/layers_mpi_cuda.cu -o src/layers_mpi_cuda.o
Linking target: template
Command: nvcc -std=c++17 -O3 -ccbin=mpicxx -Xcompiler=-Wall -Wextra -fno-diagnostics-show-caret -fno-diagnostics-show-option -fmessage-length=0 -I/nix/store/6i25kp9c814s33pbl61dpyw8hpw7rqz8-openmpi-5.0.6-dev/include -gencode arch=compute_50,code=sm_50 -gencode arch=compute_50,code=compute_50  -cudart=shared --cudadevrt=none -Xcudafe --diag_suppress=186 src/main_mpi_cuda.o src/alexnet_mpi_cuda.o src/layers_mpi_cuda.o -o template -L/nix/store/81rq99pfpsflr6h42z641lcwzg8zqnlm-openmpi-5.0.6/lib -lmpi -lm
make: Leaving directory '/home/myko/CUDA-MPI-GPU-Cluster-Programming/final_project/v4_mpi_cuda'
