--- AlexNet Serial CPU Version (V1) ---
Initializing data and parameters...
Initialization complete.
Starting AlexNet Serial Forward Pass...
  [Input] Dimensions: H=227, W=227, C=3
Applying Conv1...
  [After Conv1] Dimensions: H=55, W=55, C=96
Applying ReLU1...
  [After ReLU1] Dimensions: H=55, W=55, C=96
Applying MaxPool1...
  [After Pool1] Dimensions: H=27, W=27, C=96
Applying Conv2...
  [After Conv2] Dimensions: H=27, W=27, C=256
Applying ReLU2...
  [After ReLU2] Dimensions: H=27, W=27, C=256
Applying MaxPool2...
  [After Pool2] Dimensions: H=13, W=13, C=256
Applying LRN2...
  [After LRN2] Dimensions: H=13, W=13, C=256
Copying final result back to original buffer...
AlexNet Serial Forward Pass completed in 786 ms
Final Output (first 10 values): 0.0540478 0.0691191 0.0739656 0.0759868 0.0561181 0.07065 0.0726671 0.0573267 0.0839395 0.0798982...
--- Serial execution finished ---
