--- AlexNet Serial CPU Version (V1) ---
Initializing data and parameters...
Initialization complete.
Starting AlexNet Serial Forward Pass...
  [Input] Dimensions: H=227, W=227, C=3
Applying Conv1...
  [After Conv1] Dimensions: H=55, W=55, C=96
Applying ReLU1...
  [After ReLU1] Dimensions: H=55, W=55, C=96
Applying MaxPool1...
  [After Pool1] Dimensions: H=27, W=27, C=96
Applying Conv2...
  [After Conv2] Dimensions: H=27, W=27, C=256
Applying ReLU2...
  [After ReLU2] Dimensions: H=27, W=27, C=256
Applying MaxPool2...
  [After Pool2] Dimensions: H=13, W=13, C=256
Applying LRN2...
  [After LRN2] Dimensions: H=13, W=13, C=256
Copying final result back to original buffer...
AlexNet Serial Forward Pass completed in 2246 ms
Final Output (first 10 values): 0.0672046 0.064154 0.0858906 0.0702405 0.10455 0.058737 0.0592966 0.0666058 0.0716561 0.049043...
--- Serial execution finished ---
