Compiling (CUDA): src/alexnet_cuda.cu
nvcc warning : Support for offline compilation for architectures prior to '<compute/sm/lto>_75' will be removed in a future release (Use -Wno-deprecated-gpu-targets to suppress warning).
/nix/store/24sdvjs6rfqs69d21gdn437mb3vc0svh-gcc-14.2.1.20250322/include/c++/14.2.1.20250322/type_traits(1610): error: "__is_nothrow_new_constructible" is not a function or static data member
      constexpr bool __is_nothrow_new_constructible
                     ^

/nix/store/24sdvjs6rfqs69d21gdn437mb3vc0svh-gcc-14.2.1.20250322/include/c++/14.2.1.20250322/type_traits(1610): error: "constexpr" is not valid here
      constexpr bool __is_nothrow_new_constructible
      ^

/nix/store/24sdvjs6rfqs69d21gdn437mb3vc0svh-gcc-14.2.1.20250322/include/c++/14.2.1.20250322/bits/new_allocator.h(190): error: identifier "__is_nothrow_new_constructible" is undefined
   noexcept(__is_nothrow_new_constructible<_Up, _Args...>)
            ^

/nix/store/24sdvjs6rfqs69d21gdn437mb3vc0svh-gcc-14.2.1.20250322/include/c++/14.2.1.20250322/bits/new_allocator.h(190): error: type name is not allowed
   noexcept(__is_nothrow_new_constructible<_Up, _Args...>)
                                           ^

/nix/store/24sdvjs6rfqs69d21gdn437mb3vc0svh-gcc-14.2.1.20250322/include/c++/14.2.1.20250322/bits/new_allocator.h(190): error: expected a ")"
   noexcept(__is_nothrow_new_constructible<_Up, _Args...>)
                                              ^

/nix/store/24sdvjs6rfqs69d21gdn437mb3vc0svh-gcc-14.2.1.20250322/include/c++/14.2.1.20250322/bits/alloc_traits.h(107): error: variable template "std::__allocator_traits_base::__has_construct_impl" is not a valid class member template
        static constexpr bool __has_construct_impl = false;
                              ^

/nix/store/24sdvjs6rfqs69d21gdn437mb3vc0svh-gcc-14.2.1.20250322/include/c++/14.2.1.20250322/bits/alloc_traits.h(110): error: __has_construct_impl is not a template
        __has_construct_impl<_Alloc, _Tp,
        ^

/nix/store/24sdvjs6rfqs69d21gdn437mb3vc0svh-gcc-14.2.1.20250322/include/c++/14.2.1.20250322/bits/alloc_traits.h(110): error: variable template "std::__allocator_traits_base::_Args" is not a valid class member template
        __has_construct_impl<_Alloc, _Tp,
        ^

/nix/store/24sdvjs6rfqs69d21gdn437mb3vc0svh-gcc-14.2.1.20250322/include/c++/14.2.1.20250322/bits/alloc_traits.h(115): error: variable template "std::__allocator_traits_base::__has_construct" is not a valid class member template
        static constexpr bool __has_construct
                              ^

/nix/store/24sdvjs6rfqs69d21gdn437mb3vc0svh-gcc-14.2.1.20250322/include/c++/14.2.1.20250322/bits/alloc_traits.h(116): error: variable template "std::__allocator_traits_base::_Tp" is not a valid class member template
   = __has_construct_impl<_Alloc, _Tp, void, _Args...>;
                                  ^

/nix/store/24sdvjs6rfqs69d21gdn437mb3vc0svh-gcc-14.2.1.20250322/include/c++/14.2.1.20250322/bits/alloc_traits.h(116): error: a constexpr static data member declaration requires an in-class initializer
   = __has_construct_impl<_Alloc, _Tp, void, _Args...>;
                                     ^

/nix/store/24sdvjs6rfqs69d21gdn437mb3vc0svh-gcc-14.2.1.20250322/include/c++/14.2.1.20250322/bits/alloc_traits.h(116): error: expected an identifier
   = __has_construct_impl<_Alloc, _Tp, void, _Args...>;
                                       ^

/nix/store/24sdvjs6rfqs69d21gdn437mb3vc0svh-gcc-14.2.1.20250322/include/c++/14.2.1.20250322/bits/alloc_traits.h(116): error: variable template "std::__allocator_traits_base::<error>" is not a valid class member template
   = __has_construct_impl<_Alloc, _Tp, void, _Args...>;
                                       ^

/nix/store/24sdvjs6rfqs69d21gdn437mb3vc0svh-gcc-14.2.1.20250322/include/c++/14.2.1.20250322/bits/alloc_traits.h(116): error: a constexpr static data member declaration requires an in-class initializer
   = __has_construct_impl<_Alloc, _Tp, void, _Args...>;
                                           ^

/nix/store/24sdvjs6rfqs69d21gdn437mb3vc0svh-gcc-14.2.1.20250322/include/c++/14.2.1.20250322/bits/alloc_traits.h(116): error: variable template "std::__allocator_traits_base::_Args" is not a valid class member template
   = __has_construct_impl<_Alloc, _Tp, void, _Args...>;
                                             ^

/nix/store/24sdvjs6rfqs69d21gdn437mb3vc0svh-gcc-14.2.1.20250322/include/c++/14.2.1.20250322/bits/alloc_traits.h(116): error: a constexpr static data member declaration requires an in-class initializer
   = __has_construct_impl<_Alloc, _Tp, void, _Args...>;
                                                  ^

/nix/store/24sdvjs6rfqs69d21gdn437mb3vc0svh-gcc-14.2.1.20250322/include/c++/14.2.1.20250322/bits/alloc_traits.h(116): error: expected a ";"
   = __has_construct_impl<_Alloc, _Tp, void, _Args...>;
                                                  ^

/nix/store/24sdvjs6rfqs69d21gdn437mb3vc0svh-gcc-14.2.1.20250322/include/c++/14.2.1.20250322/bits/alloc_traits.h(121): error: variable template "std::__allocator_traits_base::__has_new_expr" is not a valid class member template
        static constexpr bool __has_new_expr = false;
                              ^

/nix/store/24sdvjs6rfqs69d21gdn437mb3vc0svh-gcc-14.2.1.20250322/include/c++/14.2.1.20250322/bits/alloc_traits.h(124): error: __has_new_expr is not a template
        __has_new_expr<_Tp, __void_t<__new_expr_t<_Tp, _Args...>>, _Args...>
        ^

/nix/store/24sdvjs6rfqs69d21gdn437mb3vc0svh-gcc-14.2.1.20250322/include/c++/14.2.1.20250322/bits/alloc_traits.h(124): error: variable template "std::__allocator_traits_base::_Args" is not a valid class member template
        __has_new_expr<_Tp, __void_t<__new_expr_t<_Tp, _Args...>>, _Args...>
        ^

/nix/store/24sdvjs6rfqs69d21gdn437mb3vc0svh-gcc-14.2.1.20250322/include/c++/14.2.1.20250322/bits/alloc_traits.h(127): error: variable template "std::__allocator_traits_base::__can_construct" is not a valid class member template
        static constexpr bool __can_construct
                              ^

/nix/store/24sdvjs6rfqs69d21gdn437mb3vc0svh-gcc-14.2.1.20250322/include/c++/14.2.1.20250322/bits/alloc_traits.h(128): error: variable template "std::__allocator_traits_base::_Tp" is not a valid class member template
   = __has_construct<_Alloc, _Tp, _Args...>
                             ^

/nix/store/24sdvjs6rfqs69d21gdn437mb3vc0svh-gcc-14.2.1.20250322/include/c++/14.2.1.20250322/bits/alloc_traits.h(128): error: a constexpr static data member declaration requires an in-class initializer
   = __has_construct<_Alloc, _Tp, _Args...>
                                ^

/nix/store/24sdvjs6rfqs69d21gdn437mb3vc0svh-gcc-14.2.1.20250322/include/c++/14.2.1.20250322/bits/alloc_traits.h(128): error: variable template "std::__allocator_traits_base::_Args" is not a valid class member template
   = __has_construct<_Alloc, _Tp, _Args...>
                                  ^

/nix/store/24sdvjs6rfqs69d21gdn437mb3vc0svh-gcc-14.2.1.20250322/include/c++/14.2.1.20250322/bits/alloc_traits.h(128): error: a constexpr static data member declaration requires an in-class initializer
   = __has_construct<_Alloc, _Tp, _Args...>
                                       ^

/nix/store/24sdvjs6rfqs69d21gdn437mb3vc0svh-gcc-14.2.1.20250322/include/c++/14.2.1.20250322/bits/alloc_traits.h(128): error: expected a ";"
   = __has_construct<_Alloc, _Tp, _Args...>
                                       ^

/nix/store/24sdvjs6rfqs69d21gdn437mb3vc0svh-gcc-14.2.1.20250322/include/c++/14.2.1.20250322/bits/alloc_traits.h(377): error: identifier "__can_construct" is undefined
   __enable_if_t<__can_construct<_Alloc, _Tp, _Args...>>
                 ^

/nix/store/24sdvjs6rfqs69d21gdn437mb3vc0svh-gcc-14.2.1.20250322/include/c++/14.2.1.20250322/bits/alloc_traits.h(377): error: type name is not allowed
   __enable_if_t<__can_construct<_Alloc, _Tp, _Args...>>
                                 ^

/nix/store/24sdvjs6rfqs69d21gdn437mb3vc0svh-gcc-14.2.1.20250322/include/c++/14.2.1.20250322/bits/alloc_traits.h(377): error: too many arguments for alias template "std::__enable_if_t"
   __enable_if_t<__can_construct<_Alloc, _Tp, _Args...>>
                                              ^

/nix/store/24sdvjs6rfqs69d21gdn437mb3vc0svh-gcc-14.2.1.20250322/include/c++/14.2.1.20250322/bits/alloc_traits.h(377): error: expected an identifier
   __enable_if_t<__can_construct<_Alloc, _Tp, _Args...>>
                                                      ^

/nix/store/24sdvjs6rfqs69d21gdn437mb3vc0svh-gcc-14.2.1.20250322/include/c++/14.2.1.20250322/bits/alloc_traits.h(439): error: identifier "__has_construct" is undefined
   __enable_if_t<__has_construct<_Alloc, _Tp, _Args...>, bool>
                 ^

/nix/store/24sdvjs6rfqs69d21gdn437mb3vc0svh-gcc-14.2.1.20250322/include/c++/14.2.1.20250322/bits/alloc_traits.h(439): error: type name is not allowed
   __enable_if_t<__has_construct<_Alloc, _Tp, _Args...>, bool>
                                 ^

/nix/store/24sdvjs6rfqs69d21gdn437mb3vc0svh-gcc-14.2.1.20250322/include/c++/14.2.1.20250322/bits/alloc_traits.h(439): error: too many arguments for alias template "std::__enable_if_t"
   __enable_if_t<__has_construct<_Alloc, _Tp, _Args...>, bool>
                                              ^

/nix/store/24sdvjs6rfqs69d21gdn437mb3vc0svh-gcc-14.2.1.20250322/include/c++/14.2.1.20250322/bits/alloc_traits.h(439): error: expected an identifier
   __enable_if_t<__has_construct<_Alloc, _Tp, _Args...>, bool>
                                                       ^

/nix/store/24sdvjs6rfqs69d21gdn437mb3vc0svh-gcc-14.2.1.20250322/include/c++/14.2.1.20250322/bits/alloc_traits.h(439): error: variable template "std::allocator_traits<_Alloc>::<error>" is not a valid class member template
   __enable_if_t<__has_construct<_Alloc, _Tp, _Args...>, bool>
                                                       ^

/nix/store/24sdvjs6rfqs69d21gdn437mb3vc0svh-gcc-14.2.1.20250322/include/c++/14.2.1.20250322/bits/alloc_traits.h(439): error: a constexpr static data member declaration requires an in-class initializer
   __enable_if_t<__has_construct<_Alloc, _Tp, _Args...>, bool>
                                                       ^

/nix/store/24sdvjs6rfqs69d21gdn437mb3vc0svh-gcc-14.2.1.20250322/include/c++/14.2.1.20250322/bits/alloc_traits.h(439): error: expected an identifier
   __enable_if_t<__has_construct<_Alloc, _Tp, _Args...>, bool>
                                                         ^

/nix/store/24sdvjs6rfqs69d21gdn437mb3vc0svh-gcc-14.2.1.20250322/include/c++/14.2.1.20250322/bits/alloc_traits.h(441): error: expected a ";"
   { return noexcept(__a->construct(__p, std::declval<_Args>()...)); }
   ^

/nix/store/24sdvjs6rfqs69d21gdn437mb3vc0svh-gcc-14.2.1.20250322/include/c++/14.2.1.20250322/bits/alloc_traits.h(445): error: identifier "__has_construct" is undefined
   __enable_if_t<!__has_construct<_Alloc, _Tp, _Args...>, bool>
                  ^

/nix/store/24sdvjs6rfqs69d21gdn437mb3vc0svh-gcc-14.2.1.20250322/include/c++/14.2.1.20250322/bits/alloc_traits.h(445): error: type name is not allowed
   __enable_if_t<!__has_construct<_Alloc, _Tp, _Args...>, bool>
                                  ^

/nix/store/24sdvjs6rfqs69d21gdn437mb3vc0svh-gcc-14.2.1.20250322/include/c++/14.2.1.20250322/bits/alloc_traits.h(445): error: too many arguments for alias template "std::__enable_if_t"
   __enable_if_t<!__has_construct<_Alloc, _Tp, _Args...>, bool>
                                               ^

/nix/store/24sdvjs6rfqs69d21gdn437mb3vc0svh-gcc-14.2.1.20250322/include/c++/14.2.1.20250322/bits/alloc_traits.h(445): error: expected an identifier
   __enable_if_t<!__has_construct<_Alloc, _Tp, _Args...>, bool>
                                                        ^

/nix/store/24sdvjs6rfqs69d21gdn437mb3vc0svh-gcc-14.2.1.20250322/include/c++/14.2.1.20250322/bits/alloc_traits.h(445): error: variable template "std::allocator_traits<_Alloc>::<error>" is not a valid class member template
   __enable_if_t<!__has_construct<_Alloc, _Tp, _Args...>, bool>
                                                        ^

/nix/store/24sdvjs6rfqs69d21gdn437mb3vc0svh-gcc-14.2.1.20250322/include/c++/14.2.1.20250322/bits/alloc_traits.h(445): error: a constexpr static data member declaration requires an in-class initializer
   __enable_if_t<!__has_construct<_Alloc, _Tp, _Args...>, bool>
                                                        ^

/nix/store/24sdvjs6rfqs69d21gdn437mb3vc0svh-gcc-14.2.1.20250322/include/c++/14.2.1.20250322/bits/alloc_traits.h(445): error: expected an identifier
   __enable_if_t<!__has_construct<_Alloc, _Tp, _Args...>, bool>
                                                          ^

/nix/store/24sdvjs6rfqs69d21gdn437mb3vc0svh-gcc-14.2.1.20250322/include/c++/14.2.1.20250322/bits/alloc_traits.h(447): error: expected a ";"
   { return __is_nothrow_new_constructible<_Tp, _Args...>; }
   ^

/nix/store/24sdvjs6rfqs69d21gdn437mb3vc0svh-gcc-14.2.1.20250322/include/c++/14.2.1.20250322/bits/alloc_traits.h(705): error: identifier "__is_nothrow_new_constructible" is undefined
   noexcept(__is_nothrow_new_constructible<_Up, _Args...>)
            ^

/nix/store/24sdvjs6rfqs69d21gdn437mb3vc0svh-gcc-14.2.1.20250322/include/c++/14.2.1.20250322/bits/alloc_traits.h(705): error: type name is not allowed
   noexcept(__is_nothrow_new_constructible<_Up, _Args...>)
                                           ^

/nix/store/24sdvjs6rfqs69d21gdn437mb3vc0svh-gcc-14.2.1.20250322/include/c++/14.2.1.20250322/bits/alloc_traits.h(705): error: expected a ")"
   noexcept(__is_nothrow_new_constructible<_Up, _Args...>)
                                              ^

49 errors detected in the compilation of "src/alexnet_cuda.cu".
make: *** [Makefile:48: src/alexnet_cuda.o] Error 2
