--- AlexNet Serial CPU Version (V1) ---
Initializing data and parameters...
Initialization complete.
Starting AlexNet Serial Forward Pass...
  [Input] Dimensions: H=227, W=227, C=3
Applying Conv1...
  [After Conv1] Dimensions: H=55, W=55, C=96
Applying ReLU1...
  [After ReLU1] Dimensions: H=55, W=55, C=96
Applying MaxPool1...
  [After Pool1] Dimensions: H=27, W=27, C=96
Applying Conv2...
  [After Conv2] Dimensions: H=27, W=27, C=256
Applying ReLU2...
  [After ReLU2] Dimensions: H=27, W=27, C=256
Applying MaxPool2...
  [After Pool2] Dimensions: H=13, W=13, C=256
Applying LRN2...
  [After LRN2] Dimensions: H=13, W=13, C=256
Copying final result back to original buffer...
AlexNet Serial Forward Pass completed in 743 ms
Final Output (first 10 values): 0.0794591 0.0565683 0.0751738 0.0532641 0.0683514 0.072932 0.0586424 0.0913878 0.0539354 0.0672092...
--- Serial execution finished ---
