--- AlexNet Serial CPU Version (V1) ---
Initializing data and parameters...
Initialization complete.
Starting AlexNet Serial Forward Pass...
  [Input] Dimensions: H=227, W=227, C=3
Applying Conv1...
  [After Conv1] Dimensions: H=55, W=55, C=96
Applying ReLU1...
  [After ReLU1] Dimensions: H=55, W=55, C=96
Applying MaxPool1...
  [After Pool1] Dimensions: H=27, W=27, C=96
Applying Conv2...
  [After Conv2] Dimensions: H=27, W=27, C=256
Applying ReLU2...
  [After ReLU2] Dimensions: H=27, W=27, C=256
Applying MaxPool2...
  [After Pool2] Dimensions: H=13, W=13, C=256
Applying LRN2...
  [After LRN2] Dimensions: H=13, W=13, C=256
Copying final result back to original buffer...
AlexNet Serial Forward Pass completed in 601 ms
Final Output (first 10 values): 0.0698515 0.0648222 0.0633754 0.0569216 0.0732958 0.0547598 0.0637942 0.0759945 0.0427814 0.0613189...
--- Serial execution finished ---
